2022-05-10 07:10:33.3049 INFO Application started. Press Ctrl+C to shut down.
2022-05-10 07:10:33.4320 INFO Hosting environment: Development
2022-05-10 07:10:33.4400 INFO Content root path: C:\Users\NITISH KUMAR\source\FundooNotes\FundooNotes
2022-05-10 07:49:41.7093 INFO All notes Showing Successfully
2022-05-10 08:01:25.5941 INFO login successfull
2022-05-10 08:01:26.1047 INFO All notes Showing Successfully
2022-05-10 08:51:23.8269 INFO All notes Showing Successfully
2022-05-10 08:52:18.4534 INFO All notes Showing Successfully
2022-05-10 08:52:40.3932 INFO All notes Showing Successfully
2022-05-10 08:59:13.8149 INFO All notes Showing Successfully
2022-05-10 08:59:19.5584 ERROR  UnSuccessfully to Add Color
2022-05-10 09:01:02.8811 INFO All notes Showing Successfully
2022-05-10 09:01:08.5722 INFO Color Added Successfully
2022-05-10 09:01:08.6282 INFO All notes Showing Successfully
2022-05-10 09:04:25.9989 INFO All notes Showing Successfully
2022-05-10 09:05:37.5356 INFO All notes Showing Successfully
2022-05-10 09:05:44.1878 ERROR  UnSuccessfully to Add Color
2022-05-10 09:05:56.9386 ERROR  UnSuccessfully to Add Color
2022-05-10 09:06:10.1068 ERROR  UnSuccessfully to Add Color
2022-05-10 09:06:13.9637 INFO Archived Successfully
2022-05-10 09:06:14.1207 INFO All notes Showing Successfully
2022-05-10 09:06:28.1089 ERROR  UnSuccessfully to Add Color
2022-05-10 09:12:15.1579 INFO Color Added Successfully
2022-05-10 09:12:15.1857 INFO All notes Showing Successfully
2022-05-10 09:12:25.0911 ERROR  UnSuccessfully to Add Color
2022-05-10 09:15:17.5844 ERROR  UnSuccessfully to Add Color
2022-05-10 09:15:26.5006 INFO All notes Showing Successfully
2022-05-10 09:15:34.7541 ERROR  UnSuccessfully to Add Color
2022-05-10 09:15:38.7694 INFO All notes Showing Successfully
2022-05-10 09:15:42.4808 INFO All notes Showing Successfully
2022-05-10 09:16:27.2921 ERROR  UnSuccessfully to Add Color
2022-05-10 09:16:32.5157 INFO All notes Showing Successfully
2022-05-10 09:44:33.9401 INFO Color Added Successfully
2022-05-10 09:44:34.0045 INFO All notes Showing Successfully
2022-05-10 09:44:48.8733 ERROR  UnSuccessfully to Add Color
2022-05-10 09:46:12.9932 INFO All notes Showing Successfully
2022-05-10 09:46:17.4838 ERROR  UnSuccessfully to Add Color
2022-05-10 09:46:41.2542 INFO All notes Showing Successfully
2022-05-10 09:46:55.8517 ERROR  UnSuccessfully to Add Color
2022-05-10 09:47:41.6359 INFO All notes Showing Successfully
2022-05-10 09:47:47.6147 INFO Color Added Successfully
2022-05-10 09:47:47.6916 INFO All notes Showing Successfully
2022-05-10 09:47:56.5347 INFO All notes Showing Successfully
2022-05-10 09:52:06.1796 INFO Color Added Successfully
2022-05-10 09:52:47.4885 INFO All notes Showing Successfully
2022-05-10 09:52:56.1711 ERROR  UnSuccessfully to Add Color
2022-05-10 09:55:13.4157 ERROR  UnSuccessfully to Add Color
2022-05-10 09:55:44.4813 ERROR  UnSuccessfully to Add Color
2022-05-10 09:56:18.7421 INFO Color Added Successfully
2022-05-10 09:56:18.7857 INFO All notes Showing Successfully
2022-05-10 09:56:25.9455 INFO Color Added Successfully
2022-05-10 09:56:25.9876 INFO All notes Showing Successfully
2022-05-10 10:02:13.1155 INFO All notes Showing Successfully
2022-05-10 10:02:42.9540 INFO All notes Showing Successfully
2022-05-10 10:02:51.2968 ERROR  UnSuccessfully to Add Color
2022-05-10 10:04:31.3964 INFO All notes Showing Successfully
2022-05-10 10:04:37.5228 ERROR  UnSuccessfully to Add Color
2022-05-10 10:04:49.5379 INFO All notes Showing Successfully
2022-05-10 10:05:12.0105 INFO All notes Showing Successfully
2022-05-10 10:06:59.7023 INFO All notes Showing Successfully
2022-05-10 10:07:52.8536 INFO All notes Showing Successfully
2022-05-10 10:07:58.2161 INFO Color Added Successfully
2022-05-10 10:07:58.2739 INFO All notes Showing Successfully
2022-05-10 10:08:03.6508 INFO Color Added Successfully
2022-05-10 10:08:03.7089 INFO All notes Showing Successfully
2022-05-10 10:08:56.5279 INFO All notes Showing Successfully
2022-05-10 10:09:00.6078 INFO Color Added Successfully
2022-05-10 10:09:00.6770 INFO All notes Showing Successfully
2022-05-10 10:09:17.2004 INFO All notes Showing Successfully
2022-05-10 10:09:32.0705 INFO All notes Showing Successfully
2022-05-10 10:09:37.4091 ERROR  UnSuccessfully to Add Color
2022-05-10 10:10:47.3748 INFO All notes Showing Successfully
2022-05-10 10:10:51.8232 INFO Color Added Successfully
2022-05-10 10:10:51.8574 INFO All notes Showing Successfully
2022-05-10 10:11:23.9801 INFO All notes Showing Successfully
2022-05-10 10:12:36.0208 INFO Note Created Successfully 
2022-05-10 10:16:19.1358 INFO All notes Showing Successfully
2022-05-10 10:17:04.5686 INFO Note Created Successfully 
2022-05-10 10:58:58.1175 INFO All notes Showing Successfully
2022-05-10 10:59:02.7775 INFO Color Added Successfully
2022-05-10 10:59:02.8405 INFO All notes Showing Successfully
2022-05-10 10:59:07.1983 ERROR  UnSuccessfully to Add Color
2022-05-10 10:59:11.2823 INFO All notes Showing Successfully
2022-05-10 11:00:51.8426 INFO All notes Showing Successfully
2022-05-10 11:01:03.8100 ERROR  UnSuccessfully to Add Color
2022-05-10 11:01:11.1778 INFO Color Added Successfully
2022-05-10 11:01:11.2019 INFO All notes Showing Successfully
2022-05-10 11:11:01.5008 INFO All notes Showing Successfully
2022-05-10 11:11:31.3413 INFO All notes Showing Successfully
2022-05-10 11:11:54.6678 INFO All notes Showing Successfully
2022-05-10 11:11:58.8476 ERROR  UnSuccessfully to Add Color
2022-05-10 20:38:58.4627 INFO All notes Showing Successfully
2022-05-10 20:44:55.5518 INFO All notes Showing Successfully
2022-05-10 20:52:32.1588 INFO All notes Showing Successfully
2022-05-10 20:52:57.5864 INFO login successfull
2022-05-10 20:52:57.9043 INFO All notes Showing Successfully
2022-05-10 20:53:58.9366 INFO All notes Showing Successfully
2022-05-10 20:54:48.7825 INFO All notes Showing Successfully
2022-05-10 20:55:46.0309 INFO All notes Showing Successfully
2022-05-10 20:57:28.6088 INFO All notes Showing Successfully
2022-05-10 20:57:33.5459 ERROR  UnSuccessfully to Add Color
2022-05-10 21:01:52.9601 INFO All notes Showing Successfully
2022-05-10 21:02:22.6975 ERROR  UnSuccessfully to Add Color
2022-05-10 21:05:38.1531 INFO All notes Showing Successfully
2022-05-10 21:06:10.6061 ERROR  UnSuccessfully to Add Color
2022-05-10 21:07:23.7939 INFO All notes Showing Successfully
2022-05-10 21:07:31.7708 ERROR  UnSuccessfully to Add Color
2022-05-10 21:08:07.6675 INFO All notes Showing Successfully
2022-05-10 21:08:56.3570 INFO All notes Showing Successfully
2022-05-10 21:09:00.3596 INFO Color Added Successfully
2022-05-10 21:09:00.3873 INFO All notes Showing Successfully
2022-05-10 21:09:07.5298 INFO Color Added Successfully
2022-05-10 21:09:07.5501 INFO All notes Showing Successfully
2022-05-10 21:09:24.6667 INFO All notes Showing Successfully
2022-05-10 21:09:31.2205 INFO Color Added Successfully
2022-05-10 21:09:31.2723 INFO All notes Showing Successfully
2022-05-10 21:10:55.2594 INFO All notes Showing Successfully
2022-05-10 21:11:00.2597 INFO Color Added Successfully
2022-05-10 21:11:00.2955 INFO All notes Showing Successfully
2022-05-10 21:11:37.3784 INFO All notes Showing Successfully
2022-05-10 21:11:41.5573 ERROR  UnSuccessfully to Add Color
2022-05-10 21:11:59.2228 ERROR  UnSuccessfully to Add Color
2022-05-10 21:12:15.8474 INFO All notes Showing Successfully
2022-05-10 21:12:29.7794 INFO All notes Showing Successfully
2022-05-10 21:12:33.2103 ERROR  UnSuccessfully to Add Color
2022-05-10 21:13:41.8004 INFO All notes Showing Successfully
2022-05-10 21:13:56.9534 ERROR  UnSuccessfully to Add Color
2022-05-10 21:18:03.4107 INFO All notes Showing Successfully
2022-05-10 21:18:13.0405 ERROR  UnSuccessfully to Add Color
2022-05-10 21:18:22.8651 INFO All notes Showing Successfully
2022-05-10 21:19:11.6043 INFO All notes Showing Successfully
2022-05-10 21:19:17.5063 ERROR  UnSuccessfully to Add Color
2022-05-10 21:19:22.8499 ERROR  UnSuccessfully to Add Color
2022-05-10 21:19:29.6221 ERROR  UnSuccessfully to Add Color
2022-05-10 21:19:36.6373 ERROR  UnSuccessfully to Add Color
2022-05-10 21:19:53.6963 INFO All notes Showing Successfully
2022-05-10 22:15:24.4157 INFO Application started. Press Ctrl+C to shut down.
2022-05-10 22:15:24.6323 INFO Hosting environment: Development
2022-05-10 22:15:24.6395 INFO Content root path: C:\Users\NITISH KUMAR\source\FundooNotes\FundooNotes
2022-05-10 22:17:00.5571 INFO login successfull
2022-05-10 22:17:02.2354 INFO All notes Showing Successfully
2022-05-10 22:19:12.7563 INFO All notes Showing Successfully
2022-05-10 22:31:44.6759 INFO Application started. Press Ctrl+C to shut down.
2022-05-10 22:31:44.7701 INFO Hosting environment: Development
2022-05-10 22:31:44.7701 INFO Content root path: C:\Users\NITISH KUMAR\source\FundooNotes\FundooNotes
2022-05-10 23:11:09.8895 INFO Application started. Press Ctrl+C to shut down.
2022-05-10 23:11:09.9995 INFO Hosting environment: Development
2022-05-10 23:11:10.0121 INFO Content root path: C:\Users\NITISH KUMAR\source\FundooNotes\FundooNotes
2022-05-10 23:13:09.0248 INFO Application started. Press Ctrl+C to shut down.
2022-05-10 23:13:09.1008 INFO Hosting environment: Development
2022-05-10 23:13:09.1133 INFO Content root path: C:\Users\NITISH KUMAR\source\FundooNotes\FundooNotes
2022-05-10 23:15:03.3182 INFO Color Added Successfully
2022-05-10 23:15:37.0088 INFO All notes Showing Successfully
2022-05-10 23:15:46.4662 ERROR  UnSuccessfully to Add Color
2022-05-10 23:19:12.7857 INFO All notes Showing Successfully
2022-05-10 23:22:48.1739 INFO All notes Showing Successfully
2022-05-10 23:23:26.8566 INFO All notes Showing Successfully
2022-05-10 23:28:06.6641 INFO Application started. Press Ctrl+C to shut down.
2022-05-10 23:28:06.9254 INFO Hosting environment: Development
2022-05-10 23:28:06.9254 INFO Content root path: C:\Users\NITISH KUMAR\source\FundooNotes\FundooNotes
2022-05-10 23:36:05.6630 INFO All notes Showing Successfully
2022-05-10 23:38:20.2456 INFO All notes Showing Successfully
2022-05-10 23:39:29.4834 INFO login successfull
2022-05-10 23:39:30.0565 INFO All notes Showing Successfully
2022-05-10 23:42:34.5357 INFO All notes Showing Successfully
2022-05-10 23:43:42.0230 INFO All notes Showing Successfully
2022-05-10 23:43:46.8294 INFO All notes Showing Successfully
2022-05-10 23:44:14.8757 INFO Color Added Successfully
2022-05-10 23:44:14.9057 INFO All notes Showing Successfully
2022-05-10 23:44:39.7008 INFO All notes Showing Successfully
2022-05-10 23:47:01.8575 INFO All notes Showing Successfully
2022-05-10 23:48:04.5181 INFO Color Added Successfully
2022-05-10 23:48:04.5797 INFO All notes Showing Successfully
2022-05-10 23:48:08.0371 INFO Color Added Successfully
2022-05-10 23:48:08.0602 INFO All notes Showing Successfully
2022-05-10 23:48:12.4308 INFO Color Added Successfully
2022-05-10 23:48:12.4574 INFO All notes Showing Successfully
2022-05-10 23:48:16.4420 INFO Color Added Successfully
2022-05-10 23:48:16.4940 INFO All notes Showing Successfully
2022-05-10 23:48:20.3822 INFO Color Added Successfully
2022-05-10 23:48:20.4072 INFO All notes Showing Successfully
2022-05-10 23:48:23.7751 INFO Color Added Successfully
2022-05-10 23:48:23.8048 INFO All notes Showing Successfully
2022-05-10 23:48:29.1577 INFO Color Added Successfully
2022-05-10 23:48:29.1952 INFO All notes Showing Successfully
2022-05-10 23:48:34.9317 INFO Color Added Successfully
2022-05-10 23:48:34.9566 INFO All notes Showing Successfully
2022-05-10 23:48:44.9026 INFO Color Added Successfully
2022-05-10 23:48:44.9289 INFO All notes Showing Successfully
2022-05-10 23:48:48.7236 INFO Color Added Successfully
2022-05-10 23:48:48.7429 INFO All notes Showing Successfully
