2022-05-09 07:28:31.5777 INFO All notes Showing Successfully
2022-05-09 07:28:59.5033 INFO All notes Showing Successfully
2022-05-09 07:29:05.8046 INFO All notes Showing Successfully
2022-05-09 07:31:44.0022 INFO Application started. Press Ctrl+C to shut down.
2022-05-09 07:31:44.1045 INFO Hosting environment: Development
2022-05-09 07:31:44.1160 INFO Content root path: C:\Users\NITISH KUMAR\source\FundooNotes\FundooNotes
2022-05-09 08:09:08.3292 INFO login successfull
2022-05-09 08:09:09.4833 INFO All notes Showing Successfully
2022-05-09 08:09:39.6021 INFO Trashed Successfully
2022-05-09 08:09:39.7060 INFO All notes Showing Successfully
2022-05-09 08:10:05.9993 INFO Trashed Successfully
2022-05-09 08:10:06.1599 INFO All notes Showing Successfully
2022-05-09 08:10:40.9262 INFO Archived Successfully
2022-05-09 08:10:40.9820 INFO All notes Showing Successfully
2022-05-09 08:11:08.4686 INFO All notes Showing Successfully
2022-05-09 08:15:00.4724 INFO All notes Showing Successfully
2022-05-09 08:15:01.9788 INFO All notes Showing Successfully
2022-05-09 08:15:05.7680 INFO All notes Showing Successfully
2022-05-09 08:15:09.7864 INFO All notes Showing Successfully
2022-05-09 08:15:22.3662 INFO All notes Showing Successfully
2022-05-09 08:15:53.6059 INFO All notes Showing Successfully
2022-05-09 08:16:44.3732 INFO All notes Showing Successfully
2022-05-09 08:17:54.3646 INFO All notes Showing Successfully
2022-05-09 08:18:29.4545 INFO All notes Showing Successfully
2022-05-09 08:18:32.6213 INFO All notes Showing Successfully
2022-05-09 08:18:43.3690 INFO All notes Showing Successfully
2022-05-09 08:18:49.1994 INFO Trashed Successfully
2022-05-09 08:18:49.2450 INFO All notes Showing Successfully
2022-05-09 08:18:53.9678 INFO All notes Showing Successfully
2022-05-09 08:42:55.9980 INFO All notes Showing Successfully
2022-05-09 08:43:15.3539 INFO All notes Showing Successfully
2022-05-09 08:43:29.4605 INFO All notes Showing Successfully
2022-05-09 08:43:39.2237 INFO Trashed Successfully
2022-05-09 08:43:39.2901 INFO All notes Showing Successfully
2022-05-09 08:43:41.9741 INFO All notes Showing Successfully
2022-05-09 09:03:36.8029 INFO All notes Showing Successfully
2022-05-09 09:04:03.7277 INFO All notes Showing Successfully
2022-05-09 09:04:19.0628 INFO login successfull
2022-05-09 09:04:19.8117 INFO All notes Showing Successfully
2022-05-09 09:08:34.6862 INFO All notes Showing Successfully
2022-05-09 09:12:19.0434 INFO All notes Showing Successfully
2022-05-09 09:12:22.0631 INFO All notes Showing Successfully
2022-05-09 09:12:37.1555 INFO Notes Updated Successfully 
2022-05-09 09:12:37.5036 INFO All notes Showing Successfully
2022-05-09 09:17:36.8983 INFO Notes Updated Successfully 
2022-05-09 09:17:37.3632 INFO All notes Showing Successfully
2022-05-09 09:21:06.5878 INFO All notes Showing Successfully
2022-05-09 09:21:16.6288 INFO Archived Successfully
2022-05-09 09:21:26.3706 INFO Trashed Successfully
2022-05-09 09:21:30.4622 INFO Notes Updated Successfully 
2022-05-09 09:21:30.8442 INFO All notes Showing Successfully
2022-05-09 21:06:51.6056 INFO All notes Showing Successfully
2022-05-09 21:10:30.8976 INFO All notes Showing Successfully
2022-05-09 21:10:42.8777 INFO All notes Showing Successfully
2022-05-09 21:54:01.9168 INFO All notes Showing Successfully
2022-05-09 21:54:03.1462 INFO Notes Updated Successfully 
2022-05-09 21:54:03.2027 INFO Notes Updated Successfully 
2022-05-09 22:07:28.9060 INFO All notes Showing Successfully
2022-05-09 22:12:39.8012 INFO Application started. Press Ctrl+C to shut down.
2022-05-09 22:12:39.9010 INFO Hosting environment: Development
2022-05-09 22:12:39.9225 INFO Content root path: C:\Users\NITISH KUMAR\source\FundooNotes\FundooNotes
2022-05-09 22:19:36.4946 INFO All notes Showing Successfully
2022-05-09 22:19:45.0121 ERROR  UnSuccessfully to Add Color
2022-05-09 22:19:51.0580 ERROR  UnSuccessfully to Add Color
2022-05-09 22:20:05.0427 INFO All notes Showing Successfully
2022-05-09 22:22:09.9101 INFO All notes Showing Successfully
2022-05-09 22:22:32.5645 INFO All notes Showing Successfully
2022-05-09 22:24:34.5296 INFO All notes Showing Successfully
2022-05-09 22:27:36.9067 INFO All notes Showing Successfully
2022-05-09 22:35:10.6428 INFO All notes Showing Successfully
2022-05-09 22:35:13.1253 INFO All notes Showing Successfully
2022-05-09 22:35:16.3468 INFO All notes Showing Successfully
2022-05-09 22:38:51.2606 INFO All notes Showing Successfully
2022-05-09 22:39:10.6106 INFO All notes Showing Successfully
2022-05-09 22:39:27.6215 INFO All notes Showing Successfully
2022-05-09 22:39:35.1377 INFO Trashed Successfully
2022-05-09 22:39:35.1689 INFO All notes Showing Successfully
2022-05-09 22:39:39.2384 INFO All notes Showing Successfully
2022-05-09 22:39:53.2450 INFO All notes Showing Successfully
2022-05-09 22:40:54.2715 INFO Note Created Successfully 
2022-05-09 22:42:01.1322 INFO All notes Showing Successfully
2022-05-09 22:42:16.3398 INFO All notes Showing Successfully
2022-05-09 22:42:25.5065 INFO Trashed Successfully
2022-05-09 22:42:25.5386 INFO All notes Showing Successfully
2022-05-09 22:42:29.1496 INFO All notes Showing Successfully
2022-05-09 22:42:38.7588 INFO All notes Showing Successfully
2022-05-09 22:42:43.2707 INFO All notes Showing Successfully
2022-05-09 22:42:47.1547 INFO Trashed Successfully
2022-05-09 22:42:47.1984 INFO All notes Showing Successfully
2022-05-09 22:42:51.4876 INFO Trashed Successfully
2022-05-09 22:42:51.5126 INFO All notes Showing Successfully
2022-05-09 22:42:55.8035 INFO Trashed Successfully
2022-05-09 22:42:55.8341 INFO All notes Showing Successfully
2022-05-09 22:42:58.3013 INFO All notes Showing Successfully
2022-05-09 22:43:22.2306 INFO All notes Showing Successfully
2022-05-09 22:43:37.3894 INFO Trashed Successfully
2022-05-09 22:43:37.4241 INFO All notes Showing Successfully
2022-05-09 22:43:48.5344 INFO All notes Showing Successfully
2022-05-09 22:43:54.8820 INFO All notes Showing Successfully
2022-05-09 22:44:03.2982 INFO Archived Successfully
2022-05-09 22:44:03.3186 INFO All notes Showing Successfully
2022-05-09 22:44:03.9709 INFO Archived Successfully
2022-05-09 22:44:04.1143 INFO All notes Showing Successfully
2022-05-09 22:44:05.6523 INFO Archived Successfully
2022-05-09 22:44:05.6713 INFO All notes Showing Successfully
2022-05-09 22:44:08.0462 INFO All notes Showing Successfully
2022-05-09 22:44:13.8958 INFO All notes Showing Successfully
2022-05-09 22:44:17.0838 INFO Archived Successfully
2022-05-09 22:44:17.1066 INFO All notes Showing Successfully
2022-05-09 22:44:18.7423 INFO Archived Successfully
2022-05-09 22:44:18.7634 INFO All notes Showing Successfully
2022-05-09 22:44:20.5078 INFO All notes Showing Successfully
2022-05-09 22:44:26.9511 INFO All notes Showing Successfully
2022-05-09 22:44:29.0341 INFO All notes Showing Successfully
2022-05-09 22:44:30.9057 INFO Archived Successfully
2022-05-09 22:44:30.9261 INFO All notes Showing Successfully
2022-05-09 22:44:32.0486 INFO Archived Successfully
2022-05-09 22:44:32.0714 INFO All notes Showing Successfully
2022-05-09 22:44:32.9190 INFO Archived Successfully
2022-05-09 22:44:32.9374 INFO All notes Showing Successfully
2022-05-09 22:44:34.4222 INFO All notes Showing Successfully
2022-05-09 22:44:38.1081 INFO All notes Showing Successfully
2022-05-09 22:44:40.2652 INFO Archived Successfully
2022-05-09 22:44:40.2847 INFO All notes Showing Successfully
2022-05-09 22:44:42.3738 INFO Archived Successfully
2022-05-09 22:44:42.3926 INFO All notes Showing Successfully
2022-05-09 22:44:44.2931 INFO All notes Showing Successfully
2022-05-09 22:44:47.2873 INFO All notes Showing Successfully
2022-05-09 22:44:50.7003 INFO Trashed Successfully
2022-05-09 22:44:50.7204 INFO All notes Showing Successfully
2022-05-09 22:44:53.6784 INFO Trashed Successfully
2022-05-09 22:44:53.6991 INFO All notes Showing Successfully
2022-05-09 22:44:56.9816 INFO All notes Showing Successfully
2022-05-09 22:45:04.7176 INFO All notes Showing Successfully
2022-05-09 22:45:09.2618 INFO Trashed Successfully
2022-05-09 22:45:09.2814 INFO All notes Showing Successfully
2022-05-09 22:45:12.9565 INFO Trashed Successfully
2022-05-09 22:45:12.9880 INFO All notes Showing Successfully
2022-05-09 22:45:17.9623 INFO All notes Showing Successfully
