2022-05-04 07:14:22.9900 INFO Application started. Press Ctrl+C to shut down.
2022-05-04 07:14:23.3259 INFO Hosting environment: Development
2022-05-04 07:14:23.3425 INFO Content root path: C:\Users\NITISH KUMAR\source\FundooNotes\FundooNotes
2022-05-04 08:04:45.2003 INFO login successfull
2022-05-04 08:38:41.0085 INFO All notes Showing Successfully
2022-05-04 11:59:23.1333 INFO login successfull
2022-05-04 11:59:24.1736 INFO All notes Showing Successfully
2022-05-04 12:00:07.7946 INFO All notes Showing Successfully
2022-05-04 12:37:04.6716 INFO Application started. Press Ctrl+C to shut down.
2022-05-04 12:37:05.5004 INFO Hosting environment: Development
2022-05-04 12:37:05.5209 INFO Content root path: C:\Users\NITISH KUMAR\source\FundooNotes\FundooNotes
2022-05-04 12:57:54.3486 INFO forget successfull
2022-05-04 13:09:25.3464 INFO Application started. Press Ctrl+C to shut down.
2022-05-04 13:09:25.4243 INFO Hosting environment: Development
2022-05-04 13:09:25.4557 INFO Content root path: C:\Users\NITISH KUMAR\source\FundooNotes\FundooNotes
2022-05-04 13:10:13.4584 INFO forget successfull
2022-05-04 14:01:11.0689 INFO Application started. Press Ctrl+C to shut down.
2022-05-04 14:01:11.2308 INFO Hosting environment: Development
2022-05-04 14:01:11.2431 INFO Content root path: C:\Users\NITISH KUMAR\source\FundooNotes\FundooNotes
2022-05-04 14:21:49.6645 INFO Application started. Press Ctrl+C to shut down.
2022-05-04 14:21:49.8944 INFO Hosting environment: Development
2022-05-04 14:21:50.0138 INFO Content root path: C:\Users\NITISH KUMAR\source\FundooNotes\FundooNotes
2022-05-04 14:22:08.0758 INFO forget successfull
2022-05-04 14:31:11.5280 INFO Application started. Press Ctrl+C to shut down.
2022-05-04 14:31:11.9851 INFO Hosting environment: Development
2022-05-04 14:31:12.0043 INFO Content root path: C:\Users\NITISH KUMAR\source\FundooNotes\FundooNotes
2022-05-04 14:38:24.4159 INFO Application started. Press Ctrl+C to shut down.
2022-05-04 14:38:24.6023 INFO Hosting environment: Development
2022-05-04 14:38:24.6948 INFO Content root path: C:\Users\NITISH KUMAR\source\FundooNotes\FundooNotes
2022-05-04 15:15:46.4500 INFO Application started. Press Ctrl+C to shut down.
2022-05-04 15:15:46.6312 INFO Hosting environment: Development
2022-05-04 15:15:46.6415 INFO Content root path: C:\Users\NITISH KUMAR\source\FundooNotes\FundooNotes
2022-05-04 15:17:28.0271 INFO forget successfull
2022-05-04 15:17:39.5265 INFO forget successfull
2022-05-04 15:18:54.1094 INFO reset successfull
2022-05-04 15:29:33.9641 INFO reset successfull
2022-05-04 15:33:58.4460 INFO Application started. Press Ctrl+C to shut down.
2022-05-04 15:33:58.5549 INFO Hosting environment: Development
2022-05-04 15:33:58.5959 INFO Content root path: C:\Users\NITISH KUMAR\source\FundooNotes\FundooNotes
2022-05-04 19:01:47.4134 INFO Application started. Press Ctrl+C to shut down.
2022-05-04 19:01:47.4993 INFO Hosting environment: Development
2022-05-04 19:01:47.4993 INFO Content root path: C:\Users\NITISH KUMAR\source\FundooNotes\FundooNotes
2022-05-04 20:48:27.8802 INFO login successfull
2022-05-04 20:48:27.8802 INFO login successfull
2022-05-04 20:48:27.8802 INFO login successfull
2022-05-04 20:48:29.5638 INFO All notes Showing Successfully
2022-05-04 20:48:44.3975 INFO All notes Showing Successfully
2022-05-04 20:51:23.5938 INFO All notes Showing Successfully
2022-05-04 20:53:32.8554 INFO All notes Showing Successfully
2022-05-04 21:11:11.2368 INFO login successfull
2022-05-04 21:11:11.3285 INFO All notes Showing Successfully
2022-05-04 21:12:04.7509 INFO All notes Showing Successfully
2022-05-04 21:22:15.7251 INFO All notes Showing Successfully
2022-05-04 21:41:21.3212 INFO All notes Showing Successfully
2022-05-04 21:46:43.1944 INFO All notes Showing Successfully
2022-05-04 21:46:51.0519 INFO All notes Showing Successfully
2022-05-04 21:46:56.6729 INFO All notes Showing Successfully
2022-05-04 21:53:35.5691 INFO All notes Showing Successfully
2022-05-04 22:11:16.7549 INFO All notes Showing Successfully
2022-05-04 23:05:02.3739 INFO login successfull
2022-05-04 23:05:03.0851 INFO All notes Showing Successfully
