2022-05-03 07:10:35.0959 INFO Application started. Press Ctrl+C to shut down.
2022-05-03 07:10:35.4528 INFO Hosting environment: Development
2022-05-03 07:10:35.4737 INFO Content root path: C:\Users\NITISH KUMAR\source\FundooNotes\FundooNotes
2022-05-03 07:13:09.5815 INFO Application started. Press Ctrl+C to shut down.
2022-05-03 07:13:09.6954 INFO Hosting environment: Development
2022-05-03 07:13:09.7429 INFO Content root path: C:\Users\NITISH KUMAR\source\FundooNotes\FundooNotes
2022-05-03 09:14:46.0956 INFO Application started. Press Ctrl+C to shut down.
2022-05-03 09:14:46.2041 INFO Hosting environment: Development
2022-05-03 09:14:46.2335 INFO Content root path: C:\Users\NITISH KUMAR\source\FundooNotes\FundooNotes
2022-05-03 09:15:56.6086 INFO login successfull
2022-05-03 09:16:25.4680 INFO All notes Showing Successfully
2022-05-03 09:20:58.4491 INFO Application started. Press Ctrl+C to shut down.
2022-05-03 09:20:58.5939 INFO Hosting environment: Development
2022-05-03 09:20:58.5939 INFO Content root path: C:\Users\NITISH KUMAR\source\FundooNotes\FundooNotes
2022-05-03 09:22:22.6696 INFO login successfull
2022-05-03 09:23:23.0497 INFO  All labels Showing Successfully
2022-05-03 09:34:02.6050 INFO login successfull
2022-05-03 09:57:48.1887 INFO login successfull
2022-05-03 20:16:53.5041 INFO login successfull
2022-05-03 20:18:43.8062 INFO login successfull
2022-05-03 20:25:04.8912 INFO login successfull
2022-05-03 21:42:35.6234 INFO Application started. Press Ctrl+C to shut down.
2022-05-03 21:42:35.7927 INFO Hosting environment: Development
2022-05-03 21:42:35.8052 INFO Content root path: C:\Users\NITISH KUMAR\source\FundooNotes\FundooNotes
2022-05-03 21:42:45.8190 INFO login successfull
2022-05-03 21:48:18.0471 INFO login successfull
2022-05-03 21:58:38.7083 INFO login successfull
2022-05-03 22:01:04.7319 INFO login successfull
2022-05-03 22:02:57.5155 INFO login successfull
