2022-05-06 07:35:32.2639 INFO Application started. Press Ctrl+C to shut down.
2022-05-06 07:35:32.4441 INFO Hosting environment: Development
2022-05-06 07:35:32.4572 INFO Content root path: C:\Users\NITISH KUMAR\source\FundooNotes\FundooNotes
2022-05-06 08:40:19.9035 INFO login successfull
2022-05-06 08:40:21.4112 INFO All notes Showing Successfully
2022-05-06 08:41:10.6659 INFO Note Created Successfully 
2022-05-06 10:48:34.5890 INFO login successfull
2022-05-06 10:48:35.7159 INFO All notes Showing Successfully
2022-05-06 11:11:18.7100 INFO All notes Showing Successfully
2022-05-06 11:18:26.0107 INFO All notes Showing Successfully
2022-05-06 11:19:39.1550 INFO All notes Showing Successfully
2022-05-06 11:22:31.6208 INFO All notes Showing Successfully
2022-05-06 11:24:54.8399 INFO All notes Showing Successfully
2022-05-06 11:37:23.8821 INFO login successfull
2022-05-06 16:17:12.7693 INFO login successfull
2022-05-06 16:28:33.0002 INFO login successfull
2022-05-06 17:09:37.9030 INFO Application started. Press Ctrl+C to shut down.
2022-05-06 17:09:38.1342 INFO Hosting environment: Development
2022-05-06 17:09:38.1419 INFO Content root path: C:\Users\NITISH KUMAR\source\FundooNotes\FundooNotes
2022-05-06 17:19:30.1588 INFO login successfull
2022-05-06 17:34:50.9244 INFO login successfull
2022-05-06 17:34:51.5600 INFO All notes Showing Successfully
2022-05-06 17:35:15.3315 INFO All notes Showing Successfully
2022-05-06 17:36:25.7313 INFO All notes Showing Successfully
2022-05-06 17:36:40.9142 INFO All notes Showing Successfully
2022-05-06 17:37:09.2988 INFO All notes Showing Successfully
2022-05-06 19:12:06.5229 INFO Application started. Press Ctrl+C to shut down.
2022-05-06 19:12:06.6955 INFO Hosting environment: Development
2022-05-06 19:12:06.7199 INFO Content root path: C:\Users\NITISH KUMAR\source\FundooNotes\FundooNotes
2022-05-06 19:18:31.6155 INFO login successfull
2022-05-06 19:18:32.0829 INFO All notes Showing Successfully
2022-05-06 19:20:57.3828 INFO All notes Showing Successfully
2022-05-06 19:24:44.9580 INFO All notes Showing Successfully
2022-05-06 19:25:11.9577 INFO All notes Showing Successfully
2022-05-06 19:26:10.3304 INFO All notes Showing Successfully
2022-05-06 19:26:47.5227 INFO All notes Showing Successfully
2022-05-06 19:26:47.9836 INFO Notes Updated Successfully 
2022-05-06 19:27:05.3544 INFO All notes Showing Successfully
2022-05-06 19:39:40.7423 INFO All notes Showing Successfully
2022-05-06 19:43:40.9117 INFO All notes Showing Successfully
2022-05-06 19:49:28.7663 INFO All notes Showing Successfully
2022-05-06 19:49:42.6403 INFO Notes Updated Successfully 
2022-05-06 19:49:42.6403 INFO All notes Showing Successfully
2022-05-06 19:49:59.0741 INFO All notes Showing Successfully
2022-05-06 19:51:18.7329 INFO All notes Showing Successfully
2022-05-06 19:51:49.0160 INFO Notes Updated Successfully 
2022-05-06 19:51:49.0963 INFO All notes Showing Successfully
2022-05-06 19:51:55.4156 INFO Notes Updated Successfully 
2022-05-06 19:51:55.5930 INFO All notes Showing Successfully
2022-05-06 19:58:47.7772 INFO Application started. Press Ctrl+C to shut down.
2022-05-06 19:58:47.8869 INFO Hosting environment: Development
2022-05-06 19:58:47.9060 INFO Content root path: C:\Users\NITISH KUMAR\source\FundooNotes\FundooNotes
2022-05-06 19:59:01.2180 INFO All notes Showing Successfully
2022-05-06 20:00:06.0162 INFO All notes Showing Successfully
2022-05-06 20:00:18.3682 INFO All notes Showing Successfully
2022-05-06 20:01:09.3084 INFO All notes Showing Successfully
2022-05-06 20:08:45.2319 INFO All notes Showing Successfully
2022-05-06 20:09:01.1428 INFO All notes Showing Successfully
2022-05-06 20:09:07.3794 INFO All notes Showing Successfully
2022-05-06 20:09:54.7762 INFO All notes Showing Successfully
2022-05-06 20:10:38.4438 INFO All notes Showing Successfully
2022-05-06 20:11:14.9214 INFO All notes Showing Successfully
2022-05-06 20:11:22.5740 INFO All notes Showing Successfully
2022-05-06 20:11:45.5751 INFO All notes Showing Successfully
2022-05-06 20:17:49.7188 INFO All notes Showing Successfully
2022-05-06 20:18:21.4045 INFO All notes Showing Successfully
2022-05-06 20:18:38.7689 INFO All notes Showing Successfully
2022-05-06 20:18:50.2425 INFO All notes Showing Successfully
2022-05-06 20:19:01.3722 INFO All notes Showing Successfully
2022-05-06 20:19:07.5609 INFO All notes Showing Successfully
2022-05-06 20:25:05.0170 INFO login successfull
2022-05-06 20:25:05.1384 INFO All notes Showing Successfully
2022-05-06 20:25:20.2350 INFO All notes Showing Successfully
2022-05-06 20:25:33.7748 INFO All notes Showing Successfully
2022-05-06 20:25:36.9479 INFO All notes Showing Successfully
2022-05-06 20:26:57.3240 INFO All notes Showing Successfully
2022-05-06 20:27:28.1902 INFO login successfull
2022-05-06 20:27:28.3200 INFO All notes Showing Successfully
2022-05-06 20:27:51.7343 INFO All notes Showing Successfully
2022-05-06 20:30:01.0808 INFO All notes Showing Successfully
2022-05-06 20:30:24.8170 INFO All notes Showing Successfully
2022-05-06 20:31:29.0053 INFO All notes Showing Successfully
2022-05-06 20:36:33.8468 INFO All notes Showing Successfully
2022-05-06 20:36:53.9308 INFO All notes Showing Successfully
2022-05-06 20:37:01.7235 INFO All notes Showing Successfully
2022-05-06 20:38:07.0626 INFO All notes Showing Successfully
2022-05-06 20:38:42.2462 INFO All notes Showing Successfully
2022-05-06 20:38:42.5743 INFO Notes Updated Successfully 
2022-05-06 20:38:50.9255 INFO All notes Showing Successfully
2022-05-06 20:45:46.2438 INFO login successfull
2022-05-06 20:45:46.5666 INFO All notes Showing Successfully
2022-05-06 20:59:02.1817 INFO All notes Showing Successfully
2022-05-06 20:59:02.2118 INFO Notes Updated Successfully 
