2022-05-05 07:57:57.9228 INFO Application started. Press Ctrl+C to shut down.
2022-05-05 07:57:58.0908 INFO Hosting environment: Development
2022-05-05 07:57:58.1098 INFO Content root path: C:\Users\NITISH KUMAR\source\FundooNotes\FundooNotes
2022-05-05 08:20:12.4506 INFO login successfull
2022-05-05 08:20:14.0669 INFO All notes Showing Successfully
2022-05-05 08:24:37.7555 INFO All notes Showing Successfully
2022-05-05 08:25:15.3547 INFO Note Created Successfully 
2022-05-05 10:06:20.9462 INFO login successfull
2022-05-05 10:06:21.3382 INFO All notes Showing Successfully
2022-05-05 10:08:28.5282 INFO All notes Showing Successfully
2022-05-05 10:12:34.6302 INFO All notes Showing Successfully
2022-05-05 10:12:54.5240 INFO All notes Showing Successfully
2022-05-05 11:53:28.8269 INFO Application started. Press Ctrl+C to shut down.
2022-05-05 11:53:29.2133 INFO Hosting environment: Development
2022-05-05 11:53:29.2298 INFO Content root path: C:\Users\NITISH KUMAR\source\FundooNotes\FundooNotes
2022-05-05 12:37:10.1651 INFO Application started. Press Ctrl+C to shut down.
2022-05-05 12:37:10.3214 INFO Hosting environment: Development
2022-05-05 12:37:10.3214 INFO Content root path: C:\Users\NITISH KUMAR\source\FundooNotes\FundooNotes
2022-05-05 12:39:41.6721 INFO login successfull
2022-05-05 12:39:42.2254 INFO All notes Showing Successfully
2022-05-05 12:49:16.9213 INFO All notes Showing Successfully
2022-05-05 12:54:20.2090 INFO All notes Showing Successfully
2022-05-05 12:55:07.7912 INFO All notes Showing Successfully
2022-05-05 13:52:32.3383 INFO login successfull
2022-05-05 13:52:33.0734 INFO All notes Showing Successfully
2022-05-05 13:56:33.4142 INFO All notes Showing Successfully
2022-05-05 13:58:01.2918 INFO All notes Showing Successfully
2022-05-05 13:59:45.1472 INFO All notes Showing Successfully
2022-05-05 14:03:48.6593 INFO All notes Showing Successfully
2022-05-05 14:06:01.0883 INFO All notes Showing Successfully
2022-05-05 14:08:53.7515 INFO All notes Showing Successfully
2022-05-05 14:09:00.3464 INFO All notes Showing Successfully
2022-05-05 14:10:11.1607 INFO All notes Showing Successfully
2022-05-05 14:10:15.8126 INFO All notes Showing Successfully
2022-05-05 14:12:20.6467 INFO All notes Showing Successfully
2022-05-05 14:16:32.6667 INFO All notes Showing Successfully
2022-05-05 14:17:50.8000 INFO All notes Showing Successfully
2022-05-05 14:29:00.1485 INFO All notes Showing Successfully
2022-05-05 14:30:12.7811 INFO All notes Showing Successfully
2022-05-05 14:30:54.1405 INFO All notes Showing Successfully
2022-05-05 14:31:26.3807 INFO All notes Showing Successfully
2022-05-05 14:33:55.3541 INFO Note Created Successfully 
2022-05-05 14:34:21.3217 INFO All notes Showing Successfully
2022-05-05 14:45:43.6206 INFO All notes Showing Successfully
2022-05-05 14:45:48.9251 INFO All notes Showing Successfully
2022-05-05 15:14:09.7133 INFO login successfull
2022-05-05 15:14:10.0369 INFO All notes Showing Successfully
2022-05-05 15:21:42.6561 INFO All notes Showing Successfully
2022-05-05 15:22:42.2232 INFO All notes Showing Successfully
2022-05-05 15:25:48.7858 INFO Note Created Successfully 
2022-05-05 15:26:04.2475 INFO All notes Showing Successfully
2022-05-05 15:29:30.3933 INFO login successfull
2022-05-05 15:30:21.2330 INFO Notes Deleted Successfully
2022-05-05 15:30:31.9794 INFO All notes Showing Successfully
2022-05-05 15:32:20.8549 INFO All notes Showing Successfully
2022-05-05 15:32:38.3545 INFO All notes Showing Successfully
2022-05-05 15:32:54.3888 INFO Note Created Successfully 
2022-05-05 15:33:19.7474 INFO All notes Showing Successfully
2022-05-05 15:34:43.2582 INFO Notes Deleted Successfully
2022-05-05 15:34:53.6521 INFO All notes Showing Successfully
2022-05-05 19:15:21.8095 INFO login successfull
2022-05-05 19:15:22.2095 INFO All notes Showing Successfully
2022-05-05 19:16:05.6821 INFO Note Created Successfully 
2022-05-05 19:16:19.0187 INFO All notes Showing Successfully
2022-05-05 19:20:55.1180 INFO All notes Showing Successfully
2022-05-05 19:21:29.7284 INFO Note Created Successfully 
2022-05-05 19:22:29.4244 INFO All notes Showing Successfully
2022-05-05 19:23:09.5993 INFO All notes Showing Successfully
2022-05-05 19:23:33.9400 INFO Note Created Successfully 
2022-05-05 19:24:12.7066 INFO All notes Showing Successfully
2022-05-05 19:25:27.7356 INFO All notes Showing Successfully
2022-05-05 19:26:33.0265 INFO Note Created Successfully 
2022-05-05 19:27:28.0502 INFO Note Created Successfully 
2022-05-05 19:29:34.1338 INFO All notes Showing Successfully
2022-05-05 19:31:17.4723 INFO Note Created Successfully 
2022-05-05 19:32:20.1972 INFO All notes Showing Successfully
2022-05-05 19:33:47.6663 INFO All notes Showing Successfully
2022-05-05 19:34:24.9619 INFO Note Created Successfully 
2022-05-05 19:34:43.9072 INFO All notes Showing Successfully
2022-05-05 19:36:00.4052 INFO All notes Showing Successfully
2022-05-05 19:36:25.0161 INFO Note Created Successfully 
2022-05-05 19:37:07.6625 INFO All notes Showing Successfully
2022-05-05 19:41:49.0094 INFO All notes Showing Successfully
2022-05-05 19:42:11.3340 INFO All notes Showing Successfully
2022-05-05 19:42:30.8901 INFO Note Created Successfully 
2022-05-05 19:42:56.7134 INFO All notes Showing Successfully
2022-05-05 19:53:57.5189 INFO All notes Showing Successfully
2022-05-05 19:54:11.7478 INFO All notes Showing Successfully
2022-05-05 19:54:39.9544 INFO login successfull
2022-05-05 19:54:40.0731 INFO All notes Showing Successfully
2022-05-05 19:58:28.8860 INFO All notes Showing Successfully
2022-05-05 19:59:02.6379 INFO All notes Showing Successfully
2022-05-05 19:59:27.8596 INFO login successfull
2022-05-05 19:59:28.0178 INFO All notes Showing Successfully
2022-05-05 20:00:07.9993 INFO All notes Showing Successfully
2022-05-05 20:54:12.5434 INFO All notes Showing Successfully
2022-05-05 20:54:36.1068 INFO login successfull
2022-05-05 20:54:36.2739 INFO All notes Showing Successfully
2022-05-05 20:54:58.2631 INFO All notes Showing Successfully
2022-05-05 20:55:21.4437 INFO login successfull
2022-05-05 20:55:21.5531 INFO All notes Showing Successfully
2022-05-05 20:56:19.2670 INFO All notes Showing Successfully
2022-05-05 20:56:36.3230 INFO login successfull
2022-05-05 20:56:36.5875 INFO All notes Showing Successfully
2022-05-05 20:57:16.2057 INFO All notes Showing Successfully
2022-05-05 20:57:30.8877 INFO All notes Showing Successfully
2022-05-05 20:58:12.4597 INFO login successfull
2022-05-05 20:58:12.5794 INFO All notes Showing Successfully
2022-05-05 20:59:09.7761 INFO All notes Showing Successfully
2022-05-05 20:59:24.5562 INFO All notes Showing Successfully
2022-05-05 20:59:49.6643 INFO login successfull
2022-05-05 20:59:49.8539 INFO All notes Showing Successfully
2022-05-05 21:00:40.7521 INFO All notes Showing Successfully
2022-05-05 21:01:03.7279 INFO All notes Showing Successfully
2022-05-05 21:01:08.0429 INFO All notes Showing Successfully
2022-05-05 21:01:23.5882 INFO login successfull
2022-05-05 21:01:23.6959 INFO All notes Showing Successfully
2022-05-05 21:01:55.0493 INFO All notes Showing Successfully
2022-05-05 21:02:18.2092 INFO login successfull
2022-05-05 21:02:18.3240 INFO All notes Showing Successfully
2022-05-05 21:02:44.7536 INFO All notes Showing Successfully
2022-05-05 21:02:49.2461 INFO All notes Showing Successfully
2022-05-05 21:04:10.8251 INFO All notes Showing Successfully
2022-05-05 21:04:21.0115 INFO All notes Showing Successfully
2022-05-05 21:04:45.4261 INFO All notes Showing Successfully
2022-05-05 21:04:50.2599 INFO All notes Showing Successfully
2022-05-05 21:05:21.7372 INFO login successfull
2022-05-05 21:05:21.9931 INFO All notes Showing Successfully
2022-05-05 21:06:36.6952 INFO All notes Showing Successfully
2022-05-05 21:07:30.4194 INFO All notes Showing Successfully
2022-05-05 21:08:50.6183 INFO All notes Showing Successfully
2022-05-05 21:09:07.0219 INFO All notes Showing Successfully
2022-05-05 21:09:16.5382 INFO All notes Showing Successfully
2022-05-05 21:09:27.7064 INFO All notes Showing Successfully
2022-05-05 21:09:50.4196 INFO login successfull
2022-05-05 21:09:50.5897 INFO All notes Showing Successfully
2022-05-05 21:15:04.3739 INFO All notes Showing Successfully
2022-05-05 21:15:21.4012 INFO All notes Showing Successfully
2022-05-05 21:27:14.5005 INFO All notes Showing Successfully
2022-05-05 21:27:29.8461 INFO login successfull
2022-05-05 21:27:29.9872 INFO All notes Showing Successfully
2022-05-05 21:28:30.2474 INFO All notes Showing Successfully
2022-05-05 21:29:46.9979 INFO All notes Showing Successfully
2022-05-05 21:30:06.3384 INFO login successfull
2022-05-05 21:30:06.4017 INFO All notes Showing Successfully
2022-05-05 21:30:15.6237 INFO All notes Showing Successfully
2022-05-05 21:31:41.0154 INFO All notes Showing Successfully
2022-05-05 21:32:09.1771 INFO login successfull
2022-05-05 21:32:09.2627 INFO All notes Showing Successfully
2022-05-05 21:32:39.8788 INFO Note Created Successfully 
2022-05-05 21:40:11.9765 INFO All notes Showing Successfully
2022-05-05 21:40:41.1151 INFO login successfull
2022-05-05 21:40:41.2684 INFO All notes Showing Successfully
2022-05-05 21:46:45.6953 INFO All notes Showing Successfully
2022-05-05 21:47:57.1617 INFO login successfull
2022-05-05 21:47:57.3034 INFO All notes Showing Successfully
2022-05-05 22:02:30.1969 INFO All notes Showing Successfully
2022-05-05 22:02:43.7163 INFO login successfull
2022-05-05 22:02:43.8101 INFO All notes Showing Successfully
2022-05-05 22:02:58.7070 INFO All notes Showing Successfully
2022-05-05 22:04:15.8096 INFO All notes Showing Successfully
2022-05-05 22:04:23.6749 INFO All notes Showing Successfully
2022-05-05 22:05:55.4302 INFO All notes Showing Successfully
2022-05-05 22:06:04.1032 INFO All notes Showing Successfully
2022-05-05 22:06:21.1714 INFO login successfull
2022-05-05 22:06:21.4676 INFO All notes Showing Successfully
2022-05-05 22:06:41.5780 INFO All notes Showing Successfully
2022-05-05 22:14:15.8571 INFO All notes Showing Successfully
2022-05-05 22:15:38.3080 INFO All notes Showing Successfully
2022-05-05 22:20:21.0944 INFO All notes Showing Successfully
2022-05-05 22:20:38.4950 INFO All notes Showing Successfully
2022-05-05 22:21:06.1413 INFO All notes Showing Successfully
2022-05-05 22:30:59.3575 INFO All notes Showing Successfully
2022-05-05 22:31:06.1781 INFO All notes Showing Successfully
2022-05-05 22:32:02.1751 INFO login successfull
2022-05-05 22:32:02.3046 INFO All notes Showing Successfully
2022-05-05 22:32:20.7360 INFO All notes Showing Successfully
2022-05-05 22:40:15.8448 INFO All notes Showing Successfully
2022-05-05 22:40:47.5565 INFO login successfull
2022-05-05 22:40:47.6762 INFO All notes Showing Successfully
2022-05-05 22:41:47.4603 INFO Note Created Successfully 
2022-05-05 22:46:32.2320 INFO All notes Showing Successfully
2022-05-05 22:47:15.9172 INFO All notes Showing Successfully
2022-05-05 22:47:48.6625 INFO All notes Showing Successfully
2022-05-05 22:48:37.7414 INFO All notes Showing Successfully
2022-05-05 22:50:51.8127 INFO login successfull
2022-05-05 22:50:51.9633 INFO All notes Showing Successfully
2022-05-05 22:54:44.4324 INFO All notes Showing Successfully
2022-05-05 23:01:23.8480 INFO login successfull
2022-05-05 23:02:58.4799 INFO Notes Deleted Successfully
2022-05-05 23:03:08.1563 INFO Notes Deleted Successfully
2022-05-05 23:03:37.7229 INFO Notes Deleted Successfully
2022-05-05 23:03:41.8151 INFO Notes Deleted Successfully
2022-05-05 23:04:02.6688 INFO Notes Deleted Successfully
2022-05-05 23:04:44.4581 INFO Notes Deleted Successfully
2022-05-05 23:04:48.2349 INFO Notes Deleted Successfully
2022-05-05 23:05:33.7156 INFO All notes Showing Successfully
2022-05-05 23:07:07.8798 INFO All notes Showing Successfully
2022-05-05 23:08:39.8118 INFO login successfull
2022-05-05 23:08:40.0805 INFO All notes Showing Successfully
