2022-05-08 19:21:46.4534 INFO Application started. Press Ctrl+C to shut down.
2022-05-08 19:21:46.5254 INFO Hosting environment: Development
2022-05-08 19:21:46.5365 INFO Content root path: C:\Users\NITISH KUMAR\source\FundooNotes\FundooNotes
2022-05-08 19:58:51.7984 INFO login successfull
2022-05-08 19:58:52.6382 INFO All notes Showing Successfully
2022-05-08 20:01:11.0447 INFO All notes Showing Successfully
2022-05-08 20:03:49.2067 INFO All notes Showing Successfully
2022-05-08 20:05:26.8347 INFO All notes Showing Successfully
2022-05-08 20:06:00.3136 INFO All notes Showing Successfully
2022-05-08 20:15:16.2381 INFO All notes Showing Successfully
2022-05-08 20:15:26.2760 INFO All notes Showing Successfully
2022-05-08 20:18:59.0323 INFO All notes Showing Successfully
2022-05-08 20:26:23.5096 INFO All notes Showing Successfully
2022-05-08 20:26:24.4379 INFO Notes Updated Successfully 
2022-05-08 20:26:30.3492 INFO All notes Showing Successfully
2022-05-08 20:30:17.5082 INFO Trashed Successfully
2022-05-08 20:31:05.9648 INFO Trashed Successfully
2022-05-08 20:37:12.0792 INFO All notes Showing Successfully
2022-05-08 20:37:24.6910 INFO Trashed Successfully
2022-05-08 20:37:24.7288 INFO All notes Showing Successfully
2022-05-08 20:48:15.9333 INFO All notes Showing Successfully
2022-05-08 20:49:03.3726 INFO All notes Showing Successfully
2022-05-08 20:49:26.2894 INFO All notes Showing Successfully
2022-05-08 20:49:26.3432 INFO Notes Updated Successfully 
2022-05-08 20:49:35.8082 INFO Trashed Successfully
2022-05-08 20:49:35.8622 INFO All notes Showing Successfully
2022-05-08 20:50:04.4581 INFO All notes Showing Successfully
2022-05-08 20:58:07.8660 INFO All notes Showing Successfully
2022-05-08 20:58:16.4012 INFO Trashed Successfully
2022-05-08 20:58:16.4446 INFO All notes Showing Successfully
2022-05-08 20:58:46.8295 INFO Trashed Successfully
2022-05-08 20:58:46.8640 INFO All notes Showing Successfully
2022-05-08 20:59:30.3085 INFO Trashed Successfully
2022-05-08 20:59:30.3385 INFO All notes Showing Successfully
2022-05-08 21:07:43.3549 INFO All notes Showing Successfully
2022-05-08 21:11:12.5491 INFO All notes Showing Successfully
2022-05-08 21:20:14.6223 INFO All notes Showing Successfully
2022-05-08 21:21:45.2791 INFO All notes Showing Successfully
2022-05-08 21:22:24.6806 INFO All notes Showing Successfully
2022-05-08 21:22:43.5563 INFO All notes Showing Successfully
2022-05-08 21:24:41.5237 INFO login successfull
2022-05-08 21:24:41.7397 INFO All notes Showing Successfully
2022-05-08 21:25:22.3898 INFO All notes Showing Successfully
2022-05-08 21:25:22.5935 INFO Notes Updated Successfully 
2022-05-08 21:25:28.8749 INFO All notes Showing Successfully
2022-05-08 21:26:05.1352 INFO All notes Showing Successfully
2022-05-08 21:31:15.8502 INFO All notes Showing Successfully
2022-05-08 21:33:02.8962 INFO All notes Showing Successfully
2022-05-08 21:33:14.5779 INFO All notes Showing Successfully
2022-05-08 21:35:06.4318 INFO All notes Showing Successfully
2022-05-08 21:36:01.9863 INFO All notes Showing Successfully
2022-05-08 21:36:16.9574 INFO All notes Showing Successfully
2022-05-08 21:37:05.3336 INFO All notes Showing Successfully
2022-05-08 21:37:47.6426 INFO Notes Updated Successfully 
2022-05-08 21:37:47.6619 INFO All notes Showing Successfully
2022-05-08 21:44:07.8021 INFO All notes Showing Successfully
2022-05-08 21:44:30.5147 INFO All notes Showing Successfully
2022-05-08 21:45:13.6213 INFO All notes Showing Successfully
2022-05-08 21:46:06.3670 INFO Notes Updated Successfully 
2022-05-08 21:46:06.4326 INFO All notes Showing Successfully
2022-05-08 21:58:38.9973 INFO All notes Showing Successfully
2022-05-08 21:58:45.1190 INFO Trashed Successfully
2022-05-08 21:58:45.1456 INFO All notes Showing Successfully
2022-05-08 21:58:53.4792 INFO All notes Showing Successfully
2022-05-08 22:03:27.2059 INFO All notes Showing Successfully
2022-05-08 22:03:37.9623 INFO All notes Showing Successfully
2022-05-08 22:03:45.5194 INFO All notes Showing Successfully
2022-05-08 22:03:53.6447 INFO All notes Showing Successfully
2022-05-08 22:03:55.8354 INFO All notes Showing Successfully
2022-05-08 22:04:01.1008 INFO Trashed Successfully
2022-05-08 22:04:01.1292 INFO All notes Showing Successfully
2022-05-08 22:11:30.1415 INFO All notes Showing Successfully
2022-05-08 22:14:28.7976 INFO All notes Showing Successfully
2022-05-08 22:15:27.8080 INFO All notes Showing Successfully
2022-05-08 22:20:41.3306 INFO All notes Showing Successfully
2022-05-08 22:21:36.8647 INFO Archived Successfully
2022-05-08 22:21:58.2304 INFO All notes Showing Successfully
2022-05-08 22:23:52.6502 INFO All notes Showing Successfully
2022-05-08 22:24:32.3179 INFO All notes Showing Successfully
2022-05-08 22:25:50.5347 INFO All notes Showing Successfully
2022-05-08 22:26:01.4483 INFO Trashed Successfully
2022-05-08 22:26:01.5032 INFO All notes Showing Successfully
2022-05-08 22:27:22.1726 INFO All notes Showing Successfully
2022-05-08 22:27:26.2917 INFO Archived Successfully
2022-05-08 22:27:26.3129 INFO All notes Showing Successfully
